This is pdfTeX, Version 3.141592653-2.6-1.40.29 (MiKTeX 26.5) (preloaded format=pdflatex 2026.6.20)  21 JUN 2026 19:46
entering extended mode
 \write18 enabled.
 %&-line parsing enabled.
**./diploma-predloga.tex
(diploma-predloga.tex
LaTeX2e <2026-06-01>
L3 programming layer <2026-05-26>

(C:\Users\nikka\AppData\Local\Programs\MiKTeX\tex/latex/latex-lab\documentmetad
ata-support.ltx
(C:\Users\nikka\AppData\Local\Programs\MiKTeX\tex/latex/pdfmanagement\pdfmanage
ment-init.sty
Package: pdfmanagement-init 2026-05-26 v0.97c LaTeX PDF management bundle

(C:\Users\nikka\AppData\Local\Programs\MiKTeX\tex/latex/tagpdf\tagpdf-base.sty
Package: tagpdf-base 2026-05-17 v1.0c part of tagpdf - provide base, no-op vers
ions of the user commands 
\c@g__tag_MCID_abs_int=\count276
\c@g__tag_struct_abs_int=\count277
)
(C:\Users\nikka\AppData\Local\Programs\MiKTeX\tex/latex/pdfmanagement\pdfmanage
ment.ltx
File: pdfmanagement.ltx 2026-05-26 v0.97c PDF management code
\g__pdfmanagement_EmbeddedFiles_int=\count278
\l__pdfmeta_xmp_indent_int=\count279
\g_pdffile_embed_pdfa_int=\count280
\g_pdffile_embed_nonpdfa_int=\count281
\l_pdfoutline_open_int=\count282
\g__pdfoutline_id_int=\count283
\g__pdfoutline_current_level_int=\count284
)))
(C:\Users\nikka\AppData\Local\Programs\MiKTeX\tex/latex/l3backend\l3backend-pdf
tex.def
File: l3backend-pdftex.def 2026-02-18 L3 backend support: PDF output (pdfTeX)
\l__color_backend_stack_int=\count285
)
(C:\Users\nikka\AppData\Local\Programs\MiKTeX\tex/latex/pdfmanagement\l3backend
-testphase-pdftex.def
File: l3backend-pdf-pdftex.def 2026-05-26 v0.97c LaTeX PDF management bundle ba
ckend support: PDF output (pdfTeX)
\l__pdf_backend_tmpa_box=\box53
\l__pdf_backend_tmpb_box=\box54
\g__pdf_backend_resourceid_int=\count286
\g__pdf_backend_name_int=\count287
\g__pdf_backend_page_int=\count288
)
(C:\Users\nikka\AppData\Local\Programs\MiKTeX\tex/latex/latex-lab\latex-lab-tes
tphase-latest.sty
Package: latex-lab-testphase-latest 2026-05-02 v0.1g latex-lab modules

(C:\Users\nikka\AppData\Local\Programs\MiKTeX\tex/latex/tagpdf\tagpdf.sty
Package: tagpdf 2026-05-17 v1.0c  LaTeX kernel code for PDF tagging 
\l__tag_tmpa_int=\count289
\l__tag_tmpa_box=\box55
\l__tag_tmpb_box=\box56
\l__tag_loglevel_int=\count290
\g__tag_unique_cnt_int=\count291
\l__tag_tag_stop_int=\count292

(C:\Users\nikka\AppData\Local\Programs\MiKTeX\tex/latex/tagpdf\tagpdf-mc-code-g
eneric.sty
Package: tagpdf-mc-code-generic 2026-05-17 v1.0c part of tagpdf - code related 
to marking chunks - generic mode
\g__tag_mc_marks=\marks4
)
\g__tag_tree_id_pad_int=\count293
\c@g__tag_parenttree_obj_int=\count294

Package tagpdf Info: reading namespace definitions tagpdf-ns-pdf.def


Package tagpdf Info: reading namespace definitions tagpdf-ns-pdf2.def


Package tagpdf Info: reading namespace definitions tagpdf-ns-mathml.def


Package tagpdf Info: reading namespace definitions tagpdf-ns-latex-book.def


Package tagpdf Info: reading namespace definitions tagpdf-ns-latex.def


Package tagpdf Info: reading namespace definitions tagpdf-ns-latex-lab.def


Package tagpdf Info: reading namespace definitions tagpdf-ns-pdf.def


Package tagpdf Info: reading namespace definitions tagpdf-ns-pdf2.def

\g__tag_struct_AFobj_int=\count295
\g__tag_para_begin_int=\count296
\g__tag_para_end_int=\count297
\g__tag_para_main_begin_int=\count298
\g__tag_para_main_end_int=\count299
)
(C:\Users\nikka\AppData\Local\Programs\MiKTeX\tex/latex/latex-lab\latex-lab-tes
tphase-names.sty
Package: latex-lab-testphase-names 2026-04-28 v0.8k Code related to the names o
f tags
)
(C:\Users\nikka\AppData\Local\Programs\MiKTeX\tex/latex/latex-lab\latex-lab-tes
tphase-new-or-2.sty
Package: latex-lab-testphase-new-or-2 2026-01-16 v0.86d Changes to the output r
outine

(C:\Users\nikka\AppData\Local\Programs\MiKTeX\tex/latex/latex-lab\latex-lab-foo
tnotes.ltx
File: latex-lab-footnotes.ltx 2026-04-28 v0.8p changes to the footnote interfac
es
\footnotemargin=\dimen150
\g_fnote_id_int=\count300
))
(C:\Users\nikka\AppData\Local\Programs\MiKTeX\tex/latex/latex-lab\latex-lab-tes
tphase-block.sty
Package: latex-lab-testphase-block 2026-05-28 v1.0a blockenv implementation

LaTeX template Info: Declaring template type 'blockenv' taking 4 argument(s)
(template)           on line 195.


LaTeX template Info: Declaring template type 'list' taking 4 argument(s) on
(template)           line 196.


LaTeX template Info: Declaring template type 'captionedtext' taking 4
(template)           argument(s) on line 197.


LaTeX template Info: Declaring template type 'thmstyle' taking 4 argument(s)
(template)           on line 198.


LaTeX template Info: Declaring template type 'block' taking 1 argument(s) on
(template)           line 199.


LaTeX template Info: Declaring template type 'item' taking 1 argument(s) on
(template)           line 200.


LaTeX template Info: Declaring template type 'para' taking 1 argument(s) on
(template)           line 201.

\c@maxblocklevels=\count301
\l_para_begin_skip=\skip49
\l__block_unchained_skip=\skip50
\l__block_botsep_skip=\skip51
\l__block_parbotsep_skip=\skip52
\l__block_parindent_dim=\dimen151
\l__block_counter_start_int=\count302
\l__block_one_label_box=\box57
\g__block_labels_box=\box58
\l__block_tmpa_skip=\skip53
\l__block_effective_top_skip=\skip54
\l__block_effective_bot_skip=\skip55
\l__block_caption_before_skip=\skip56
\l__block_caption_after_skip=\skip57

LaTeX template Info: Declaring instance 'flushleft' of type blockenv on line
(template)           1489.


LaTeX template Info: Declaring instance 'flushright' of type blockenv on line
(template)           1493.

\@descriptiondepth=\count303

LaTeX template Info: Declaring instance 'remark' of type thmstyle on line
(template)           1791.


LaTeX template Info: Declaring instance 'definition' of type thmstyle on line
(template)           1796.


LaTeX template Info: Declaring instance 'legacy2e' of type thmstyle on line
(template)           1798.

LaTeX Info: Redefining \centering on input line 1894.
LaTeX Info: Redefining \raggedleft on input line 1895.
LaTeX Info: Redefining \raggedright on input line 1896.
LaTeX Info: Redefining \qed on input line 2238.

(C:\Users\nikka\AppData\Local\Programs\MiKTeX\tex/latex/latex-lab\latex-lab-enu
mitem.sty
Package: latex-lab-enumitem 2026-04-21 v0.80f Emulating enumitem
))
(C:\Users\nikka\AppData\Local\Programs\MiKTeX\tex/latex/latex-lab\latex-lab-tes
tphase-context.sty
Package: latex-lab-testphase-context 2026-05-26 v0.6a Providing context for ins
tance, etc.
)
(C:\Users\nikka\AppData\Local\Programs\MiKTeX\tex/latex/latex-lab\latex-lab-ker
nel-changes.sty
Package: latex-lab-kernel-changes 2026-04-27 v0.85j General kernel and class ch
anges
)
(C:\Users\nikka\AppData\Local\Programs\MiKTeX\tex/latex/latex-lab\latex-lab-tes
tphase-sec.sty
Package: latex-lab-testphase-sec 2026-04-28 v0.84o Code related to the tagging 
of heading commands
)
(C:\Users\nikka\AppData\Local\Programs\MiKTeX\tex/latex/latex-lab\latex-lab-tes
tphase-sec-template.sty
Package: latex-lab-testphase-sec-template 2026-05-25 v0.9g heading implementati
on

LaTeX template Info: Declaring template type 'heading' taking 9 argument(s) on
(template)           line 177.


LaTeX template Info: Declaring template type 'headformat' taking 6 argument(s)
(template)           on line 178.

\l__head_level_int=\count304
\l__head_before_skip=\skip58
\l__head_penalty_int=\count305
\l__head_after_penalty_skip=\skip59
\l__head_after_skip=\skip60
\l__head_heading_indent_dim=\dimen152
)
(C:\Users\nikka\AppData\Local\Programs\MiKTeX\tex/latex/latex-lab\latex-lab-tes
tphase-toc.sty
Package: latex-lab-testphase-toc 2026-04-28 v0.85k  Code related to the tagging
 of toc-like lists
\g__tag_toc_level_int=\count306
)
(C:\Users\nikka\AppData\Local\Programs\MiKTeX\tex/latex/latex-lab\latex-lab-tes
tphase-minipage.sty
Package: latex-lab-testphase-minipage 2026-04-24 v0.81k Code related to the tag
ging of minipages and parboxes
)
(C:\Users\nikka\AppData\Local\Programs\MiKTeX\tex/latex/latex-lab\latex-lab-tes
tphase-graphic.sty
Package: latex-lab-testphase-graphic 2026-04-28 v0.80i Code related to the tagg
ing of graphics
\g__tag_graphic_int=\count307
)
(C:\Users\nikka\AppData\Local\Programs\MiKTeX\tex/latex/latex-lab\latex-lab-tes
tphase-float.sty
Package: latex-lab-testphase-float 2026-04-24 v0.81n Code related to the taggin
g of floats
\g__tag_float_int=\count308
)
(C:\Users\nikka\AppData\Local\Programs\MiKTeX\tex/latex/latex-lab\latex-lab-tes
tphase-bib.sty
Package: latex-lab-testphase-bib 2026-05-28 v0.81f Code related to the tagging 
of bibliography and cite command
)
(C:\Users\nikka\AppData\Local\Programs\MiKTeX\tex/latex/latex-lab\latex-lab-tes
tphase-text.sty
Package: latex-lab-testphase-text 2026-04-27 v0.85g Code related to the tagging
 of various small text commands
LaTeX Info: Redefining \mbox on input line 108.
)
(C:\Users\nikka\AppData\Local\Programs\MiKTeX\tex/latex/latex-lab\latex-lab-tes
tphase-marginpar.sty
Package: latex-lab-testphase-marginpar 2026-04-24 v0.85i Changes related to the
 tagging of the margin notes
\g__kernel_marginpar_int=\count309
)
(C:\Users\nikka\AppData\Local\Programs\MiKTeX\tex/latex/latex-lab\latex-lab-tes
tphase-title.sty
Package: latex-lab-testphase-title 2026-05-27 v0.85g Changes related to the tag
ging of the title
)
(C:\Users\nikka\AppData\Local\Programs\MiKTeX\tex/latex/latex-lab\latex-lab-tes
tphase-table.sty
Package: latex-lab-testphase-table 2026-04-28 v0.85t Code related to the taggin
g of tables

(C:\Users\nikka\AppData\Local\Programs\MiKTeX\tex/latex/tools\array.sty
Package: array 2026/02/24 v2.7b Tabular extension package (FMi)
\col@sep=\dimen153
\ar@mcellbox=\box59
\extrarowheight=\dimen154
\NC@list=\toks17
\extratabsurround=\skip61
\backup@length=\skip62
\ar@cellbox=\box60
))
(C:\Users\nikka\AppData\Local\Programs\MiKTeX\tex/latex/latex-lab\latex-lab-tes
tphase-math.sty
Package: latex-lab-testphase-math 2025-03-10 v0.8d code related to the math tag
ging

(C:\Users\nikka\AppData\Local\Programs\MiKTeX\tex/latex/latex-lab\latex-lab-mat
h.ltx
File: latex-lab-math.ltx 2026-05-27 v0.7e Grab all the math(s) and tag it
\l__math_tmpa_skip=\skip63
\g__math_mathml_total_int=\count310
\g__math_mathml_int=\count311
\g__math_math_total_int=\count312
\g__math_mathml_AF_found_int=\count313
\g__math_mathml_AF_attached_int=\count314
\l__math_tmpa_box=\box61
\l__math_mathstyle_int=\count315
\g__math_mathchoice_int=\count316
\l__math_grab_env_int=\count317
\g__math_postdisplaypenalty_int=\count318
)
(C:\Users\nikka\AppData\Local\Programs\MiKTeX\tex/latex/latex-lab\latex-lab-mat
hpkg.ltx
File: latex-lab-mathpkg.ltx 2026-05-11 v0.1e mathpkg adaptions
)
(C:\Users\nikka\AppData\Local\Programs\MiKTeX\tex/latex/latex-lab\latex-lab-mat
hintent.ltx
File: latex-lab-mathintent.ltx 2026-01-16 v0.1c MathML intent attributes
))
(C:\Users\nikka\AppData\Local\Programs\MiKTeX\tex/latex/latex-lab\latex-lab-tes
tphase-firstaid.sty
Package: latex-lab-testphase-firstaid 2026-05-23 v0.85w Temporary patches to ex
ternal packages needed for the tagging project
)
(C:\Users\nikka\AppData\Local\Programs\MiKTeX\tex/latex/latex-lab\latex-lab-tes
tphase-tikz.sty
Package: latex-lab-testphase-tikz 2026-05-12 v0.80i Code related to the tagging
 of tikz pictures
))
(C:\Users\nikka\AppData\Local\Programs\MiKTeX\tex/latex/pdfmanagement\pdfmanage
ment-firstaid.sty
Package: pdfmanagement-firstaid 2026-05-26 v0.97c LaTeX PDF management bundle /
 firstaid-patches

Package pdfmanagement Info: loading pdfmanagement firstaid code for pgf

)
(C:\Users\nikka\AppData\Local\Programs\MiKTeX\tex/latex/base\book.cls
Document Class: book 2025/01/22 v1.4n Standard LaTeX document class
(C:\Users\nikka\AppData\Local\Programs\MiKTeX\tex/latex/base\bk12.clo
File: bk12.clo 2025/01/22 v1.4n Standard LaTeX file (size option)
)
\c@part=\count319
\c@chapter=\count320
\c@section=\count321
\c@subsection=\count322
\c@subsubsection=\count323
\c@paragraph=\count324
\c@subparagraph=\count325
\c@figure=\count326
\c@table=\count327
\abovecaptionskip=\skip64
\belowcaptionskip=\skip65
\bibindent=\dimen155
)
(podporno/preambula.tex
(C:\Users\nikka\AppData\Local\Programs\MiKTeX\tex/latex/base\fontenc.sty
Package: fontenc 2025/07/18 v2.1d Standard LaTeX package
)
(C:\Users\nikka\AppData\Local\Programs\MiKTeX\tex/latex/base\inputenc.sty
Package: inputenc 2024/02/08 v1.3d Input encoding file
\inpenc@prehook=\toks18
\inpenc@posthook=\toks19
)
(C:\Users\nikka\AppData\Local\Programs\MiKTeX\tex/generic/babel\babel.sty
Package: babel 2026/05/20 v26.8 The multilingual framework for LuaLaTeX, pdfLaT
eX and XeLaTeX
\babel@savecnt=\count328
LaTeX Encoding Info:    Redeclaring text command \ij (encoding OT1) on input li
ne 2084.
LaTeX Encoding Info:    Redeclaring text command \IJ (encoding OT1) on input li
ne 2086.
LaTeX Encoding Info:    Redeclaring text command \ij (encoding T1) on input lin
e 2088.
LaTeX Encoding Info:    Redeclaring text command \IJ (encoding T1) on input lin
e 2089.
LaTeX Encoding Info:    Ignoring declaration for text command \ij (encoding ?) 
on input line 2090.
LaTeX Encoding Info:    Ignoring declaration for text command \IJ (encoding ?) 
on input line 2092.
LaTeX Encoding Info:    Ignoring declaration for text command \SS (encoding ?) 
on input line 2117.
\U@D=\dimen156
\l@unhyphenated=\language79

(C:\Users\nikka\AppData\Local\Programs\MiKTeX\tex/generic/babel\txtbabel.def)
\bbl@readstream=\read2
\bbl@dirlevel=\count329
Package babel Info: Configuration files are deprecated, as
(babel)             they can break document portability.
(babel)             Reported on input line 4228.

*************************************
* Local config file bblopts.cfg used
*
(C:\Users\nikka\AppData\Local\Programs\MiKTeX\tex/latex/arabi\bblopts.cfg
File: bblopts.cfg 2005/09/08 v0.1 add Arabic and Farsi to "declared" options of
 babel
)
(C:\Users\nikka\AppData\Local\Programs\MiKTeX\tex/generic/babel/locale/sl\babel
-slovene.tex
Package babel Info: Name 'slovene' is discouraged.
(babel)             Prefer 'slovenian' instead.
(babel)             Reported on input line 16.
)
(C:\Users\nikka\AppData\Local\Programs\MiKTeX\tex/generic/babel/locale/en\babel
-american.tex)
Package babel Info: Importing font and identification data for slovene
(babel)             from babel-sl.ini. Reported on input line 4356.

(C:\Users\nikka\AppData\Local\Programs\MiKTeX\tex/latex/babel-slovenian\sloveni
an.ldf
Language: slovenian 2025/05/10 v1.2p Slovenian support from the babel system
Package babel Info: Making " an active character on input line 80.
)
Package babel Info: Importing font and identification data for american
(babel)             from babel-en-US.ini. Reported on input line 4356.

(C:\Users\nikka\AppData\Local\Programs\MiKTeX\tex/latex/babel-english\american.
ldf
Language: american 2017/06/06 v3.3r English support from the babel system

(C:\Users\nikka\AppData\Local\Programs\MiKTeX\tex/latex/babel-english\english.l
df
Language: english 2017/06/06 v3.3r English support from the babel system
Package babel Info: Hyphen rules for 'canadian' set to \l@english
(babel)             (\language0). Reported on input line 102.
Package babel Info: Hyphen rules for 'australian' set to \l@ukenglish
(babel)             (\language73). Reported on input line 105.
Package babel Info: Hyphen rules for 'newzealand' set to \l@ukenglish
(babel)             (\language73). Reported on input line 108.
)))
(C:\Users\nikka\AppData\Local\Programs\MiKTeX\tex/latex/microtype\microtype.sty
Package: microtype 2026/03/01 v3.2d Micro-typographical refinements (RS)
(C:\Users\nikka\AppData\Local\Programs\MiKTeX\tex/latex/graphics\keyval.sty
Package: keyval 2026-05-17 v1.15 key=value parser (DPC)
\KV@toks@=\toks20
)
(C:\Users\nikka\AppData\Local\Programs\MiKTeX\tex/latex/etoolbox\etoolbox.sty
Package: etoolbox 2025/10/02 v2.5m e-TeX tools for LaTeX (JAW)
\etb@tempcnta=\count330
)
\MT@toks=\toks21
\MT@tempbox=\box62
\MT@count=\count331
LaTeX Info: Redefining \noprotrusionifhmode on input line 1084.
LaTeX Info: Redefining \leftprotrusion on input line 1085.
\MT@prot@toks=\toks22
LaTeX Info: Redefining \rightprotrusion on input line 1104.
LaTeX Info: Redefining \textls on input line 1449.
\MT@outer@kern=\dimen157
LaTeX Info: Redefining \microtypecontext on input line 2053.
LaTeX Info: Redefining \textmicrotypecontext on input line 2070.
\MT@listname@count=\count332

(C:\Users\nikka\AppData\Local\Programs\MiKTeX\tex/latex/microtype\microtype-pdf
tex.def
File: microtype-pdftex.def 2026/03/01 v3.2d Definitions specific to pdftex (RS)

LaTeX Info: Redefining \lsstyle on input line 944.
LaTeX Info: Redefining \lslig on input line 944.
\MT@outer@space=\skip66
)
Package microtype Info: Loading configuration file microtype.cfg.

(C:\Users\nikka\AppData\Local\Programs\MiKTeX\tex/latex/microtype\microtype.cfg
File: microtype.cfg 2026/03/01 v3.2d microtype main configuration file (RS)
)
LaTeX Info: Redefining \microtypesetup on input line 3065.
)
(C:\Users\nikka\AppData\Local\Programs\MiKTeX\tex/latex/graphics\graphicx.sty
Package: graphicx 2026-05-17 v1.2e Enhanced LaTeX Graphics (DPC,SPQR)

(C:\Users\nikka\AppData\Local\Programs\MiKTeX\tex/latex/graphics\graphics.sty
Package: graphics 2026-05-17 v1.4h Standard LaTeX Graphics (DPC,SPQR)

(C:\Users\nikka\AppData\Local\Programs\MiKTeX\tex/latex/graphics\trig.sty
Package: trig 2023/12/02 v1.11 sin cos tan (DPC)
)
(C:\Users\nikka\AppData\Local\Programs\MiKTeX\tex/latex/graphics-cfg\graphics.c
fg
File: graphics.cfg 2016/06/04 v1.11 sample graphics configuration
)
Package graphics Info: Driver file: pdftex.def on input line 106.

(C:\Users\nikka\AppData\Local\Programs\MiKTeX\tex/latex/graphics-def\pdftex.def
File: pdftex.def 2025/09/29 v1.2d Graphics/color driver for pdftex
))
\Gin@req@height=\dimen158
\Gin@req@width=\dimen159
)
(C:\Users\nikka\AppData\Local\Programs\MiKTeX\tex/latex/fancyhdr\fancyhdr.sty
Package: fancyhdr 2025/02/07 v5.2 Extensive control of page headers and footers

\f@nch@headwidth=\skip67
\f@nch@offset@elh=\skip68
\f@nch@offset@erh=\skip69
\f@nch@offset@olh=\skip70
\f@nch@offset@orh=\skip71
\f@nch@offset@elf=\skip72
\f@nch@offset@erf=\skip73
\f@nch@offset@olf=\skip74
\f@nch@offset@orf=\skip75
\f@nch@height=\skip76
\f@nch@footalignment=\skip77
\f@nch@widthL=\skip78
\f@nch@widthC=\skip79
\f@nch@widthR=\skip80
\@temptokenb=\toks23
)
(C:\Users\nikka\AppData\Local\Programs\MiKTeX\tex/latex/amsfonts\amssymb.sty
Package: amssymb 2013/01/14 v3.01 AMS font symbols

(C:\Users\nikka\AppData\Local\Programs\MiKTeX\tex/latex/amsfonts\amsfonts.sty
Package: amsfonts 2013/01/14 v3.01 Basic AMSFonts support
\@emptytoks=\toks24
\symAMSa=\mathgroup4
\symAMSb=\mathgroup5
LaTeX Font Info:    Redeclaring math symbol \hbar on input line 98.
LaTeX Font Info:    Overwriting math alphabet `\mathfrak' in version `bold'
(Font)                  U/euf/m/n --> U/euf/b/n on input line 106.
)) (C:\Users\nikka\AppData\Local\Programs\MiKTeX\tex/latex/amsmath\amsmath.sty
Package: amsmath 2026/05/19 v2.18d AMS math features
\@mathmargin=\skip81

For additional information on amsmath, use the `?' option.
(C:\Users\nikka\AppData\Local\Programs\MiKTeX\tex/latex/amsmath\amstext.sty
Package: amstext 2024/11/17 v2.01 AMS text

(C:\Users\nikka\AppData\Local\Programs\MiKTeX\tex/latex/amsmath\amsgen.sty
File: amsgen.sty 1999/11/30 v2.0 generic functions
\@emptytoks=\toks25
\ex@=\dimen160
))
(C:\Users\nikka\AppData\Local\Programs\MiKTeX\tex/latex/amsmath\amsbsy.sty
Package: amsbsy 1999/11/29 v1.2d Bold Symbols
\pmbraise@=\dimen161
)
(C:\Users\nikka\AppData\Local\Programs\MiKTeX\tex/latex/amsmath\amsopn.sty
Package: amsopn 2022/04/08 v2.04 operator names
)
\inf@bad=\count333
LaTeX Info: Redefining \frac on input line 233.
\uproot@=\count334
\leftroot@=\count335
LaTeX Info: Redefining \overline on input line 398.
LaTeX Info: Redefining \colon on input line 409.
\classnum@=\count336
\DOTSCASE@=\count337
LaTeX Info: Redefining \ldots on input line 495.
LaTeX Info: Redefining \dots on input line 498.
LaTeX Info: Redefining \cdots on input line 619.
\Mathstrutbox@=\box63
\strutbox@=\box64
LaTeX Info: Redefining \big on input line 721.
LaTeX Info: Redefining \Big on input line 722.
LaTeX Info: Redefining \bigg on input line 723.
LaTeX Info: Redefining \Bigg on input line 724.
\big@size=\dimen162
LaTeX Font Info:    Redeclaring font encoding OML on input line 742.
LaTeX Font Info:    Redeclaring font encoding OMS on input line 743.
\macc@depth=\count338
LaTeX Info: Redefining \bmod on input line 904.
LaTeX Info: Redefining \pmod on input line 909.
LaTeX Info: Redefining \smash on input line 939.
LaTeX Info: Redefining \relbar on input line 969.
LaTeX Info: Redefining \Relbar on input line 970.
\c@MaxMatrixCols=\count339
\dotsspace@=\muskip17
\c@parentequation=\count340
\dspbrk@lvl=\count341
\tag@help=\toks26
\row@=\count342
\column@=\count343
\maxfields@=\count344
\andhelp@=\toks27
\eqnshift@=\dimen163
\alignsep@=\dimen164
\tagshift@=\dimen165
\tagwidth@=\dimen166
\totwidth@=\dimen167
\lineht@=\dimen168
\@envbody=\toks28
\multlinegap=\skip82
\multlinetaggap=\skip83
\mathdisplay@stack=\toks29
LaTeX Info: Redefining \[ on input line 2965.
LaTeX Info: Redefining \] on input line 2966.
)
(C:\Users\nikka\AppData\Local\Programs\MiKTeX\tex/latex/latex-lab\latex-lab-ams
math.ltx
File: latex-lab-amsmath.ltx 2026-04-25 v0.1j amsmath adaptions
LaTeX Info: Redefining \eqref on input line 58.
\l__luamml_struct_tmpa_int=\count345
) (C:\Users\nikka\AppData\Local\Programs\MiKTeX\tex/latex/url\url.sty
\Urlmuskip=\muskip18
Package: url 2013/09/16  ver 3.4  Verb mode for urls, etc.
)
(C:\Users\nikka\AppData\Local\Programs\MiKTeX\tex/latex/pdfmanagement\color-ltx
.sty
Package: color-ltx 2026-05-26 v0.97c Standard LaTeX Color (patched for l3color,
 part of pdfmanagement-testphase, original version 2022/01/06 v1.3d) (DPC)

(C:\Users\nikka\AppData\Local\Programs\MiKTeX\tex/latex/graphics-cfg\color.cfg
File: color.cfg 2016/01/02 v1.6 sample color configuration
)
Package color Info: Driver file: pdftex.def on input line 165.
(C:\Users\nikka\AppData\Local\Programs\MiKTeX\tex/latex/graphics\mathcolor.ltx)
) (C:\Users\nikka\AppData\Local\Programs\MiKTeX\tex/generic/soul\soul.sty
Package: soul 2026-03-06 v3.2 Permit use of UTF-8 characters in soul (HO)

(C:\Users\nikka\AppData\Local\Programs\MiKTeX\tex/generic/soul\soul-ori.sty
Package: soul-ori 2026-03-06 v3.2 letterspacing/underlining (mf)
\SOUL@word=\toks30
\SOUL@lasttoken=\toks31
\SOUL@syllable=\toks32
\SOUL@cmds=\toks33
\SOUL@buffer=\toks34
\SOUL@token=\toks35
\SOUL@syllgoal=\dimen169
\SOUL@syllwidth=\dimen170
\SOUL@charkern=\dimen171
\SOUL@hyphkern=\dimen172
\SOUL@dimen=\dimen173
\SOUL@dimeni=\dimen174
\SOUL@minus=\count346
\SOUL@comma=\count347
\SOUL@apo=\count348
\SOUL@grave=\count349
\SOUL@spaceskip=\skip84
\SOUL@ttwidth=\dimen175
\SOUL@uldp=\dimen176
\SOUL@ulht=\dimen177
)
(C:\Users\nikka\AppData\Local\Programs\MiKTeX\tex/generic/infwarerr\infwarerr.s
ty
Package: infwarerr 2019/12/03 v1.5 Providing info/warning/error messages (HO)
)
(C:\Users\nikka\AppData\Local\Programs\MiKTeX\tex/generic/etexcmds\etexcmds.sty
Package: etexcmds 2019/12/15 v1.7 Avoid name clashes with e-TeX commands (HO)
(C:\Users\nikka\AppData\Local\Programs\MiKTeX\tex/generic/iftex\iftex.sty
Package: iftex 2024/12/12 v1.0g TeX engine tests
)))
(C:\Users\nikka\AppData\Local\Programs\MiKTeX\tex/latex/caption\subcaption.sty
Package: subcaption 2023/07/28 v1.6b Sub-captions (AR)

(C:\Users\nikka\AppData\Local\Programs\MiKTeX\tex/latex/caption\caption.sty
Package: caption 2023/08/05 v3.6o Customizing captions (AR)

(C:\Users\nikka\AppData\Local\Programs\MiKTeX\tex/latex/caption\caption3.sty
Package: caption3 2023/07/31 v2.4d caption3 kernel (AR)
\caption@tempdima=\dimen178
\captionmargin=\dimen179
\caption@leftmargin=\dimen180
\caption@rightmargin=\dimen181
\caption@width=\dimen182
\caption@indent=\dimen183
\caption@parindent=\dimen184
\caption@hangindent=\dimen185
Package caption Info: Standard document class detected.
)
\c@caption@flags=\count350
\c@continuedfloat=\count351
)
Package caption Info: New subtype `subfigure' on input line 238.
\c@subfigure=\count352
Package caption Info: New subtype `subtable' on input line 238.
\c@subtable=\count353
)
(C:\Users\nikka\AppData\Local\Programs\MiKTeX\tex/latex/algorithms\algorithm.st
y
Package: algorithm 2009/08/24 v0.1 Document Style `algorithm' - floating enviro
nment
 (C:\Users\nikka\AppData\Local\Programs\MiKTeX\tex/latex/float\float.sty
Package: float 2001/11/08 v1.3d Float enhancements (AL)
\c@float@type=\count354
\float@exts=\toks36
\float@box=\box65
\@float@everytoks=\toks37
\@floatcapt=\box66
)
(C:\Users\nikka\AppData\Local\Programs\MiKTeX\tex/latex/base\ifthen.sty
Package: ifthen 2024/03/16 v1.1e Standard LaTeX ifthen package (DPC)
)
\@float@every@algorithm=\toks38
\c@algorithm=\count355
)
(C:\Users\nikka\AppData\Local\Programs\MiKTeX\tex/latex/algorithmicx\algpseudoc
ode.sty
Package: algpseudocode 

(C:\Users\nikka\AppData\Local\Programs\MiKTeX\tex/latex/algorithmicx\algorithmi
cx.sty
Package: algorithmicx 2005/04/27 v1.2 Algorithmicx

Document Style algorithmicx 1.2 - a greatly improved `algorithmic' style
\c@ALG@line=\count356
\c@ALG@rem=\count357
\c@ALG@nested=\count358
\ALG@tlm=\skip85
\ALG@thistlm=\skip86
\c@ALG@Lnr=\count359
\c@ALG@blocknr=\count360
\c@ALG@storecount=\count361
\c@ALG@tmpcounter=\count362
\ALG@tmplength=\skip87
)
Document Style - pseudocode environments for use with the `algorithmicx' style
) (C:\Users\nikka\AppData\Local\Programs\MiKTeX\tex/latex/biblatex\biblatex.sty
Package: biblatex 2025/07/10 v3.21 programmable bibliographies (PK/MW)

(C:\Users\nikka\AppData\Local\Programs\MiKTeX\tex/generic/pdftexcmds\pdftexcmds
.sty
Package: pdftexcmds 2020-06-27 v0.33 Utility functions of pdfTeX for LuaTeX (HO
)

(C:\Users\nikka\AppData\Local\Programs\MiKTeX\tex/generic/ltxcmds\ltxcmds.sty
Package: ltxcmds 2023-12-04 v1.26 LaTeX kernel commands for general use (HO)
)
Package pdftexcmds Info: \pdf@primitive is available.
Package pdftexcmds Info: \pdf@ifprimitive is available.
Package pdftexcmds Info: \pdfdraftmode found.
)
(C:\Users\nikka\AppData\Local\Programs\MiKTeX\tex/latex/kvoptions\kvoptions.sty
Package: kvoptions 2022-06-15 v3.15 Key value format for package options (HO)

(C:\Users\nikka\AppData\Local\Programs\MiKTeX\tex/latex/kvsetkeys\kvsetkeys.sty
Package: kvsetkeys 2022-10-05 v1.19 Key value parser (HO)
)) (C:\Users\nikka\AppData\Local\Programs\MiKTeX\tex/latex/logreq\logreq.sty
Package: logreq 2010/08/04 v1.0 xml request logger
\lrq@indent=\count363

(C:\Users\nikka\AppData\Local\Programs\MiKTeX\tex/latex/logreq\logreq.def
File: logreq.def 2010/08/04 v1.0 logreq spec v1.0
))
\c@tabx@nest=\count364
\c@listtotal=\count365
\c@listcount=\count366
\c@liststart=\count367
\c@liststop=\count368
\c@citecount=\count369
\c@citetotal=\count370
\c@multicitecount=\count371
\c@multicitetotal=\count372
\c@instcount=\count373
\c@maxnames=\count374
\c@minnames=\count375
\c@maxitems=\count376
\c@minitems=\count377
\c@citecounter=\count378
\c@maxcitecounter=\count379
\c@savedcitecounter=\count380
\c@uniquelist=\count381
\c@uniquename=\count382
\c@refsection=\count383
\c@refsegment=\count384
\c@maxextratitle=\count385
\c@maxextratitleyear=\count386
\c@maxextraname=\count387
\c@maxextradate=\count388
\c@maxextraalpha=\count389
\c@abbrvpenalty=\count390
\c@highnamepenalty=\count391
\c@lownamepenalty=\count392
\c@maxparens=\count393
\c@parenlevel=\count394
\blx@tempcnta=\count395
\blx@tempcntb=\count396
\blx@tempcntc=\count397
\c@blx@maxsection=\count398
\blx@maxsegment@0=\count399
\blx@notetype=\count400
\blx@parenlevel@text=\count401
\blx@parenlevel@foot=\count402
\blx@sectionciteorder@0=\count403
\blx@sectionciteorderinternal@0=\count404
\blx@entrysetcounter=\count405
\blx@biblioinstance=\count406
\labelnumberwidth=\skip88
\labelalphawidth=\skip89
\biblabelsep=\skip90
\bibitemsep=\skip91
\bibnamesep=\skip92
\bibinitsep=\skip93
\bibparsep=\skip94
\bibhang=\skip95
\blx@bcfin=\read3
\blx@bcfout=\write3
\blx@langwohyphens=\language80
\c@mincomprange=\count407
\c@maxcomprange=\count408
\c@mincompwidth=\count409
Package biblatex Info: Trying to load biblatex default data model...
Package biblatex Info: ... file 'blx-dm.def' found.

(C:\Users\nikka\AppData\Local\Programs\MiKTeX\tex/latex/biblatex\blx-dm.def
File: blx-dm.def 2025/07/10 v3.21 biblatex datamodel (PK/MW)
)
Package biblatex Info: Trying to load biblatex style data model...
Package biblatex Info: ... file 'numeric.dbx' not found.
Package biblatex Info: Trying to load biblatex custom data model...
Package biblatex Info: ... file 'biblatex-dm.cfg' not found.
\c@afterword=\count410
\c@savedafterword=\count411
\c@annotator=\count412
\c@savedannotator=\count413
\c@author=\count414
\c@savedauthor=\count415
\c@bookauthor=\count416
\c@savedbookauthor=\count417
\c@commentator=\count418
\c@savedcommentator=\count419
\c@editor=\count420
\c@savededitor=\count421
\c@editora=\count422
\c@savededitora=\count423
\c@editorb=\count424
\c@savededitorb=\count425
\c@editorc=\count426
\c@savededitorc=\count427
\c@foreword=\count428
\c@savedforeword=\count429
\c@holder=\count430
\c@savedholder=\count431
\c@introduction=\count432
\c@savedintroduction=\count433
\c@namea=\count434
\c@savednamea=\count435
\c@nameb=\count436
\c@savednameb=\count437
\c@namec=\count438
\c@savednamec=\count439
\c@translator=\count440
\c@savedtranslator=\count441
\c@shortauthor=\count442
\c@savedshortauthor=\count443
\c@shorteditor=\count444
\c@savedshorteditor=\count445
\c@labelname=\count446
\c@savedlabelname=\count447
\c@institution=\count448
\c@savedinstitution=\count449
\c@lista=\count450
\c@savedlista=\count451
\c@listb=\count452
\c@savedlistb=\count453
\c@listc=\count454
\c@savedlistc=\count455
\c@listd=\count456
\c@savedlistd=\count457
\c@liste=\count458
\c@savedliste=\count459
\c@listf=\count460
\c@savedlistf=\count461
\c@location=\count462
\c@savedlocation=\count463
\c@organization=\count464
\c@savedorganization=\count465
\c@origlocation=\count466
\c@savedoriglocation=\count467
\c@origpublisher=\count468
\c@savedorigpublisher=\count469
\c@publisher=\count470
\c@savedpublisher=\count471
\c@language=\count472
\c@savedlanguage=\count473
\c@origlanguage=\count474
\c@savedoriglanguage=\count475
\c@pageref=\count476
\c@savedpageref=\count477
\shorthandwidth=\skip96
\shortjournalwidth=\skip97
\shortserieswidth=\skip98
\shorttitlewidth=\skip99
\shortauthorwidth=\skip100
\shorteditorwidth=\skip101
\locallabelnumberwidth=\skip102
\locallabelalphawidth=\skip103
\localshorthandwidth=\skip104
\localshortjournalwidth=\skip105
\localshortserieswidth=\skip106
\localshorttitlewidth=\skip107
\localshortauthorwidth=\skip108
\localshorteditorwidth=\skip109
Package biblatex Info: Trying to load compatibility code...
Package biblatex Info: ... file 'blx-compat.def' found.

(C:\Users\nikka\AppData\Local\Programs\MiKTeX\tex/latex/biblatex\blx-compat.def
File: blx-compat.def 2025/07/10 v3.21 biblatex compatibility (PK/MW)
)
Package biblatex Info: Trying to load generic definitions...
Package biblatex Info: ... file 'biblatex.def' found.
 (C:\Users\nikka\AppData\Local\Programs\MiKTeX\tex/latex/biblatex\biblatex.def
File: biblatex.def 2025/07/10 v3.21 biblatex compatibility (PK/MW)
\c@textcitecount=\count478
\c@textcitetotal=\count479
\c@textcitemaxnames=\count480
\c@biburlbigbreakpenalty=\count481
\c@biburlbreakpenalty=\count482
\c@biburlnumpenalty=\count483
\c@biburlucpenalty=\count484
\c@biburllcpenalty=\count485
\biburlbigskip=\muskip19
\biburlnumskip=\muskip20
\biburlucskip=\muskip21
\biburllcskip=\muskip22
\c@smartand=\count486
)
Package biblatex Info: Trying to load bibliography style 'numeric'...
Package biblatex Info: ... file 'numeric.bbx' found.

(C:\Users\nikka\AppData\Local\Programs\MiKTeX\tex/latex/biblatex/bbx\numeric.bb
x
File: numeric.bbx 2025/07/10 v3.21 biblatex bibliography style (PK/MW)
Package biblatex Info: Trying to load bibliography style 'standard'...
Package biblatex Info: ... file 'standard.bbx' found.

(C:\Users\nikka\AppData\Local\Programs\MiKTeX\tex/latex/biblatex/bbx\standard.b
bx
File: standard.bbx 2025/07/10 v3.21 biblatex bibliography style (PK/MW)
\c@bbx:relatedcount=\count487
\c@bbx:relatedtotal=\count488
))
Package biblatex Info: Trying to load citation style 'numeric'...
Package biblatex Info: ... file 'numeric.cbx' found.

(C:\Users\nikka\AppData\Local\Programs\MiKTeX\tex/latex/biblatex/cbx\numeric.cb
x
File: numeric.cbx 2025/07/10 v3.21 biblatex citation style (PK/MW)
Package biblatex Info: Redefining '\cite'.
Package biblatex Info: Redefining '\parencite'.
Package biblatex Info: Redefining '\footcite'.
Package biblatex Info: Redefining '\footcitetext'.
Package biblatex Info: Redefining '\smartcite'.
Package biblatex Info: Redefining '\supercite'.
Package biblatex Info: Redefining '\textcite'.
Package biblatex Info: Redefining '\textcites'.
Package biblatex Info: Redefining '\cites'.
Package biblatex Info: Redefining '\parencites'.
Package biblatex Info: Redefining '\smartcites'.
)
Package biblatex Info: Trying to load configuration file...
Package biblatex Info: ... file 'biblatex.cfg' found.

(C:\Users\nikka\AppData\Local\Programs\MiKTeX\tex/latex/biblatex\biblatex.cfg
File: biblatex.cfg 
)
Package biblatex Info: Input encoding 'utf8' detected.
Package biblatex Info: Document encoding is UTF8 ....

(C:\Users\nikka\AppData\Local\Programs\MiKTeX\tex/latex/l3kernel\expl3.sty
Package: expl3 2026-05-26 L3 programming layer (loader) 
)
Package biblatex Info: ... and expl3
(biblatex)             2026-05-26 L3 programming layer (loader) 
(biblatex)             is new enough (at least 2020/04/06),
(biblatex)             setting 'casechanger=expl3'.

(C:\Users\nikka\AppData\Local\Programs\MiKTeX\tex/latex/biblatex\blx-case-expl3
.sty
(C:\Users\nikka\AppData\Local\Programs\MiKTeX\tex/latex/l3packages/xparse\xpars
e.sty
Package: xparse 2025-10-09 L3 Experimental document command parser
)
Package: blx-case-expl3 2025/07/10 v3.21 expl3 case changing code for biblatex
))
(C:\Users\nikka\AppData\Local\Programs\MiKTeX\tex/latex/siunitx\siunitx.sty
Package: siunitx 2026-05-15 v3.5.5 A comprehensive (SI) units package
\l__siunitx_number_uncert_offset_int=\count489
\l__siunitx_number_exponent_fixed_int=\count490
\l__siunitx_number_min_decimal_int=\count491
\l__siunitx_number_min_integer_int=\count492
\l__siunitx_number_round_precision_int=\count493
\l__siunitx_number_lower_threshold_int=\count494
\l__siunitx_number_upper_threshold_int=\count495
\l__siunitx_number_group_first_int=\count496
\l__siunitx_number_group_size_int=\count497
\l__siunitx_number_group_min_int=\count498
\l__siunitx_number_group_minimum_int=\count499
\l__siunitx_compound_count_int=\count500

(C:\Users\nikka\AppData\Local\Programs\MiKTeX\tex/latex/translations\translatio
ns.sty
Package: translations 2022/02/05 v1.12 internationalization of LaTeX2e packages
 (CN)
)
\l__siunitx_table_tmp_box=\box67
\l__siunitx_table_tmp_dim=\dimen186
\l__siunitx_table_column_width_dim=\dimen187
\l__siunitx_table_integer_box=\box68
\l__siunitx_table_decimal_box=\box69
\l__siunitx_table_uncert_box=\box70
\l__siunitx_table_before_box=\box71
\l__siunitx_table_after_box=\box72
\l__siunitx_table_before_dim=\dimen188
\l__siunitx_table_carry_dim=\dimen189
\l__siunitx_unit_tmp_int=\count501
\l__siunitx_unit_position_int=\count502
\l__siunitx_unit_total_int=\count503
\l__siunitx_sexagesimal_tmp_dim=\dimen190
\l__siunitx_sexagesimal_marker_box=\box73
\l__siunitx_sexagesimal_unit_box=\box74
)
(C:\Users\nikka\AppData\Local\Programs\MiKTeX\tex/latex/hyperref\hyperref.sty
Package: hyperref 2026-04-24 v7.01q Hypertext links for LaTeX

(C:\Users\nikka\AppData\Local\Programs\MiKTeX\tex/generic/kvdefinekeys\kvdefine
keys.sty
Package: kvdefinekeys 2019-12-19 v1.6 Define keys (HO)
)
(C:\Users\nikka\AppData\Local\Programs\MiKTeX\tex/generic/pdfescape\pdfescape.s
ty
Package: pdfescape 2019/12/09 v1.15 Implements pdfTeX's escape features (HO)
) (C:\Users\nikka\AppData\Local\Programs\MiKTeX\tex/latex/hycolor\hycolor.sty
Package: hycolor 2020-01-27 v1.10 Color options for hyperref/bookmark (HO)
) (C:\Users\nikka\AppData\Local\Programs\MiKTeX\tex/latex/hyperref\nameref.sty
Package: nameref 2026-01-29 v2.58 Cross-referencing by name of section

(C:\Users\nikka\AppData\Local\Programs\MiKTeX\tex/latex/refcount\refcount.sty
Package: refcount 2019/12/15 v3.6 Data extraction from label references (HO)
)
(C:\Users\nikka\AppData\Local\Programs\MiKTeX\tex/generic/gettitlestring\gettit
lestring.sty
Package: gettitlestring 2019/12/15 v1.6 Cleanup title references (HO)
)
\c@section@level=\count504
)
(C:\Users\nikka\AppData\Local\Programs\MiKTeX\tex/generic/stringenc\stringenc.s
ty
Package: stringenc 2019/11/29 v1.12 Convert strings between diff. encodings (HO
)
)
\@linkdim=\dimen191
\Hy@linkcounter=\count505
\Hy@pagecounter=\count506
 (C:\Users\nikka\AppData\Local\Programs\MiKTeX\tex/latex/hyperref\pd1enc.def
File: pd1enc.def 2026-04-24 v7.01q Hyperref: PDFDocEncoding definition (HO)
Now handling font encoding PD1 ...
... no UTF-8 mapping file for font encoding PD1
) (C:\Users\nikka\AppData\Local\Programs\MiKTeX\tex/generic/intcalc\intcalc.sty
Package: intcalc 2019/12/15 v1.3 Expandable calculations with integers (HO)
)
\Hy@SavedSpaceFactor=\count507
 (C:\Users\nikka\AppData\Local\Programs\MiKTeX\tex/latex/hyperref\puenc.def
File: puenc.def 2026-04-24 v7.01q Hyperref: PDF Unicode definition (HO)
Now handling font encoding PU ...
... no UTF-8 mapping file for font encoding PU
)
Package hyperref Info: Option `unicode' set `true' on input line 4070.
Package hyperref Info: Option `colorlinks' set `true' on input line 4070.
Package hyperref Info: Hyper figures OFF on input line 4199.
Package hyperref Info: Link nesting OFF on input line 4204.
Package hyperref Info: Hyper index ON on input line 4207.
Package hyperref Info: Plain pages OFF on input line 4214.
Package hyperref Info: Backreferencing OFF on input line 4219.
Package hyperref Info: Implicit mode ON; LaTeX internals redefined.
Package hyperref Info: Bookmarks ON on input line 4466.
\c@Hy@tempcnt=\count508
LaTeX Info: Redefining \url on input line 4805.
\XeTeXLinkMargin=\dimen192

(C:\Users\nikka\AppData\Local\Programs\MiKTeX\tex/generic/bitset\bitset.sty
Package: bitset 2019/12/09 v1.3 Handle bit-vector datatype (HO)

(C:\Users\nikka\AppData\Local\Programs\MiKTeX\tex/generic/bigintcalc\bigintcalc
.sty
Package: bigintcalc 2019/12/15 v1.5 Expandable calculations on big integers (HO
)
))
\Fld@menulength=\count509
\Field@Width=\dimen193
\Fld@charsize=\dimen194
Package hyperref Info: Hyper figures OFF on input line 6091.
Package hyperref Info: Link nesting OFF on input line 6096.
Package hyperref Info: Hyper index ON on input line 6099.
Package hyperref Info: backreferencing OFF on input line 6106.
Package hyperref Info: Link coloring ON on input line 6109.
Package hyperref Info: Link coloring with OCG OFF on input line 6116.
Package hyperref Info: PDF/A mode ON on input line 6119.
\Hy@abspage=\count510
\c@Item=\count511
)
Package hyperref Info: Driver (custom): hgeneric-testphase.

(C:\Users\nikka\AppData\Local\Programs\MiKTeX\tex/latex/pdfmanagement\hgeneric-
testphase.def
File: hgeneric-testphase.def 2026-05-26 v0.97c generic Hyperref driver for the 
LaTeX PDF management bundle

(C:\Users\nikka\AppData\Local\Programs\MiKTeX\tex/latex/pdfmanagement\hyperref-
colorschemes.def)
LaTeX Info: Redefining \href on input line 262.
LaTeX Info: Redefining \url on input line 348.

(C:\Users\nikka\AppData\Local\Programs\MiKTeX\tex/latex/bookmark\bookmark.sty
Package: bookmark 2026-05-21 v1.32 PDF bookmarks (HO)

(C:\Users\nikka\AppData\Local\Programs\MiKTeX\tex/latex/bookmark\bkm-pdftex.def
File: bkm-pdftex.def 2026-05-21 v1.32 bookmark driver for pdfTeX (HO)
\BKM@id=\count512
))
\l__hyp_tmpa_box=\box75
\l__hyp_tmpa_int=\count513
\l__hyp_dest_box=\box76
\g__hyp_linknestlevel_int=\count514
\HyAnn@Count=\count515
\Fld@listcount=\count516
\Hy@SectionHShift=\skip110
)
\c@izrek=\count517
\c@trditev=\count518
\countA=\count519
 (C:\Users\nikka\AppData\Local\Programs\MiKTeX\tex/latex/xmpincl\xmpincl.sty
Package: xmpincl 2021/09/22 v2.4 Include XMP data in pdflatex
(C:\Users\nikka\AppData\Local\Programs\MiKTeX\tex/generic/iftex\ifpdf.sty
Package: ifpdf 2019/10/25 v3.4 ifpdf legacy package. Use iftex instead.
))
(C:\Users\nikka\AppData\Local\Programs\MiKTeX\tex/latex/minted\minted.sty
Package: minted 2026/03/03 v3.8.0 Yet another Pygments shim for LaTeX

(C:\Users\nikka\AppData\Local\Programs\MiKTeX\tex/generic/catchfile\catchfile.s
ty
Package: catchfile 2019/12/09 v1.8 Catch the contents of a file (HO)
) (C:\Users\nikka\AppData\Local\Programs\MiKTeX\tex/latex/fvextra\fvextra.sty
Package: fvextra 2026/02/25 v1.14.0 fvextra - extensions and patches for fancyv
rb
(C:\Users\nikka\AppData\Local\Programs\MiKTeX\tex/latex/fancyvrb\fancyvrb.sty
Package: fancyvrb 2026/04/16 4.6a verbatim text (tvz,hv)
\FV@CodeLineNo=\count520
\FV@InFile=\read4
\FV@TabBox=\box77
\c@FancyVerbLine=\count521
\FV@StepNumber=\count522
\FV@OutFile=\write4
)
(C:\Users\nikka\AppData\Local\Programs\MiKTeX\tex/latex/upquote\upquote.sty
Package: upquote 2012/04/19 v1.3 upright-quote and grave-accent glyphs in verba
tim

(C:\Users\nikka\AppData\Local\Programs\MiKTeX\tex/latex/base\textcomp.sty
Package: textcomp 2024/04/24 v2.1b Standard LaTeX package
))
(C:\Users\nikka\AppData\Local\Programs\MiKTeX\tex/latex/lineno\lineno.sty
Package: lineno 2026/03/08 line numbers on paragraphs v5.9
\linenopenalty=\count523
\output=\toks39
\linenoprevgraf=\count524
\linenumbersep=\dimen195
\linenumberwidth=\dimen196
\c@linenumber=\count525
\c@pagewiselinenumber=\count526
\c@LN@truepage=\count527
\c@internallinenumber=\count528
\c@internallinenumbers=\count529
\quotelinenumbersep=\dimen197
\bframerule=\dimen198
\bframesep=\dimen199
\bframebox=\box78
\@LN@amsmath@ams@eqpen=\count530
)
\c@FancyVerbWriteLine=\count531
\c@FancyVerbBufferLine=\count532
\c@FV@TrueTabGroupLevel=\count533
\c@FV@TrueTabCounter=\count534
\FV@TabBox@Group=\box79
\FV@bgcolorstructbox=\box80
\FV@TmpLength=\skip111
\c@FV@HighlightLinesStart=\count535
\c@FV@HighlightLinesStop=\count536
\FV@LoopCount=\count537
\FV@NCharsBox=\box81
\FV@BreakIndent=\dimen256
\FV@BreakIndentNChars=\count538
\FV@BreakSymbolSepLeft=\dimen257
\FV@BreakSymbolSepLeftNChars=\count539
\FV@BreakSymbolSepRight=\dimen258
\FV@BreakSymbolSepRightNChars=\count540
\FV@BreakSymbolIndentLeft=\dimen259
\FV@BreakSymbolIndentLeftNChars=\count541
\FV@BreakSymbolIndentRight=\dimen260
\FV@BreakSymbolIndentRightNChars=\count542
\c@FancyVerbLineBreakLast=\count543
\FV@LineBox=\box82
\FV@LineIndentBox=\box83
\c@FV@BreakBufferDepth=\count544
\FV@LineWidth=\dimen261
)
(C:\Users\nikka\AppData\Local\Programs\MiKTeX\tex/latex/latex2pydata\latex2pyda
ta.sty
Package: latex2pydata 2026/02/25 v0.7.0 latex2pydata - write data to file in Py
thon literal format
)
(C:\Users\nikka\AppData\Local\Programs\MiKTeX\tex/latex/pgf/utilities\pgfkeys.s
ty
(C:\Users\nikka\AppData\Local\Programs\MiKTeX\tex/generic/pgf/utilities\pgfkeys
.code.tex
\pgfkeys@pathtoks=\toks40
\pgfkeys@temptoks=\toks41

(C:\Users\nikka\AppData\Local\Programs\MiKTeX\tex/generic/pgf/utilities\pgfkeys
libraryfiltered.code.tex
\pgfkeys@tmptoks=\toks42
)))
(C:\Users\nikka\AppData\Local\Programs\MiKTeX\tex/latex/pgfopts\pgfopts.sty
Package: pgfopts 2014/07/10 v2.1a LaTeX package options with pgfkeys
\pgfopts@list@add@a@toks=\toks43
\pgfopts@list@add@b@toks=\toks44
)
(C:\Users\nikka\AppData\Local\Programs\MiKTeX\tex/latex/tools\shellesc.sty
Package: shellesc 2023/07/08 v1.0d unified shell escape interface for LaTeX
Package shellesc Info: Unrestricted shell escape enabled on input line 75.
)
\c@minted@FancyVerbLineTemp=\count545
\@float@every@listing=\toks45
\c@listing=\count546
)
(C:\Users\nikka\AppData\Local\Programs\MiKTeX\tex/latex/csquotes\csquotes.sty
Package: csquotes 2026-05-19 v5.2p context-sensitive quotations (JAW)
\csq@reset=\count547
\csq@gtype=\count548
\csq@glevel=\count549
\csq@qlevel=\count550
\csq@maxlvl=\count551
\csq@tshold=\count552
\csq@ltx@everypar=\toks46

(C:\Users\nikka\AppData\Local\Programs\MiKTeX\tex/latex/csquotes\csquotes.def
File: csquotes.def 2026-05-19 v5.2p csquotes generic definitions (JAW)
)
Package csquotes Info: Trying to load configuration file 'csquotes.cfg'...
Package csquotes Info: ... configuration file loaded successfully.

(C:\Users\nikka\AppData\Local\Programs\MiKTeX\tex/latex/csquotes\csquotes.cfg
File: csquotes.cfg 
)
Package csquotes Info: Enabling multilingual quotes.
)
Package csquotes Info: Redefining alias 'slovene' -> 'german'.
)
Package csquotes Info: Checking for multilingual support...
Package csquotes Info: ... found 'babel' package.
 (diploma-predloga.aux
Package babel Info: 'slovene' activates 'slovene' shorthands.
(babel)             Reported on input line 12.

(C:\Users\nikka\AppData\Local\Programs\MiKTeX\tex/generic/babel/locale/en\babel
-english.tex)
Package babel Info: Importing data for english
(babel)             from babel-en.ini. Reported on input line 30.


LaTeX Warning: Label `ch:struktura' multiply defined.

)
\openout1 = `diploma-predloga.aux'.

LaTeX Font Info:    Checking defaults for OML/cmm/m/it on input line 67.
LaTeX Font Info:    ... okay on input line 67.
LaTeX Font Info:    Checking defaults for OMS/cmsy/m/n on input line 67.
LaTeX Font Info:    ... okay on input line 67.
LaTeX Font Info:    Checking defaults for OT1/cmr/m/n on input line 67.
LaTeX Font Info:    ... okay on input line 67.
LaTeX Font Info:    Checking defaults for T1/cmr/m/n on input line 67.
LaTeX Font Info:    ... okay on input line 67.
LaTeX Font Info:    Checking defaults for TS1/cmr/m/n on input line 67.
LaTeX Font Info:    ... okay on input line 67.
LaTeX Font Info:    Checking defaults for OMX/cmex/m/n on input line 67.
LaTeX Font Info:    ... okay on input line 67.
LaTeX Font Info:    Checking defaults for U/cmr/m/n on input line 67.
LaTeX Font Info:    ... okay on input line 67.
LaTeX Font Info:    Checking defaults for PD1/pdf/m/n on input line 67.
LaTeX Font Info:    ... okay on input line 67.
LaTeX Font Info:    Checking defaults for PU/pdf/m/n on input line 67.
LaTeX Font Info:    ... okay on input line 67.
LaTeX Info: Redefining \microtypecontext on input line 67.
Package microtype Info: Applying patch `item' on input line 67.
Package microtype Info: Applying patch `toc' on input line 67.
Package microtype Info: Applying patch `eqnum' on input line 67.
Package microtype Info: Applying patch `footnote' on input line 67.
Package microtype Info: Applying patch `verbatim' on input line 67.
LaTeX Info: Redefining \microtypesetup on input line 67.
Package microtype Info: Generating PDF output.
Package microtype Info: Character protrusion enabled (level 2).
Package microtype Info: Using default protrusion set `alltext'.
Package microtype Info: No font expansion.
Package microtype Info: No adjustment of tracking.
Package microtype Info: No adjustment of interword spacing.
Package microtype Info: No adjustment of character kerning.
 (C:\Users\nikka\AppData\Local\Programs\MiKTeX\tex/latex/microtype\mt-cmr.cfg
File: mt-cmr.cfg 2013/05/19 v2.2 microtype config. file: Computer Modern Roman 
(RS)
)
(C:\Users\nikka\AppData\Local\Programs\MiKTeX\tex/context/base/mkii\supp-pdf.mk
ii
[Loading MPS to PDF converter (version 2006.09.02).]
\scratchcounter=\count553
\scratchdimen=\dimen262
\scratchbox=\box84
\nofMPsegments=\count554
\nofMParguments=\count555
\everyMPshowfont=\toks47
\MPscratchCnt=\count556
\MPscratchDim=\dimen263
\MPnumerator=\count557
\makeMPintoPDFobject=\count558
\everyMPtoPDFconversion=\toks48
)
(C:\Users\nikka\AppData\Local\Programs\MiKTeX\tex/latex/epstopdf-pkg\epstopdf-b
ase.sty
Package: epstopdf-base 2020-01-24 v2.11 Base part for package epstopdf

(C:\Users\nikka\AppData\Local\Programs\MiKTeX\tex/latex/grfext\grfext.sty
Package: grfext 2019/12/03 v1.3 Manage graphics extensions (HO)
)
Package epstopdf-base Info: Redefining graphics rule for `.eps' on input line 4
85.
Package grfext Info: Graphics extension search list:
(grfext)             [.pdf,.png,.jpg,.mps,.jpeg,.jbig2,.jb2,.PDF,.PNG,.JPG,.JPE
G,.JBIG2,.JB2,.eps]
(grfext)             \AppendGraphicsExtensions on input line 504.

(C:\Users\nikka\AppData\Local\Programs\MiKTeX\tex/latex/00miktex\epstopdf-sys.c
fg
File: epstopdf-sys.cfg 2021/03/18 v2.0 Configuration of epstopdf for MiKTeX
))
Package caption Info: Begin \AtBeginDocument code.
Package caption Info: float package is loaded.
Package caption Info: hyperref package is loaded.
Package caption Info: End \AtBeginDocument code.
Package biblatex Info: Trying to load language 'american'...
Package biblatex Info: ... file 'american.lbx' found.

(C:\Users\nikka\AppData\Local\Programs\MiKTeX\tex/latex/biblatex/lbx\american.l
bx
File: american.lbx 2025/07/10 v3.21 biblatex localization (PK/MW)
Package biblatex Info: Trying to load language 'english'...
Package biblatex Info: ... file 'english.lbx' found.

(C:\Users\nikka\AppData\Local\Programs\MiKTeX\tex/latex/biblatex/lbx\english.lb
x
File: english.lbx 2025/07/10 v3.21 biblatex localization (PK/MW)
)
Package biblatex Info: Trying to load language 'english'...
Package biblatex Info: ... file 'english.lbx' found.

(C:\Users\nikka\AppData\Local\Programs\MiKTeX\tex/latex/biblatex/lbx\english.lb
x
File: english.lbx 2025/07/10 v3.21 biblatex localization (PK/MW)
))
Package biblatex Info: Trying to load language 'slovene'...
Package biblatex Info: ... file 'slovene.lbx' found.

(C:\Users\nikka\AppData\Local\Programs\MiKTeX\tex/latex/biblatex/lbx\slovene.lb
x
File: slovene.lbx 2025/07/10 v3.21 biblatex localization (PK/MW)
)
Package biblatex Info: Trying to load language 'english'...
Package biblatex Info: ... file 'english.lbx' found.

(C:\Users\nikka\AppData\Local\Programs\MiKTeX\tex/latex/biblatex/lbx\english.lb
x
File: english.lbx 2025/07/10 v3.21 biblatex localization (PK/MW)
)
Package biblatex Info: Input encoding 'utf8' detected.
Package biblatex Info: Automatic encoding selection.
(biblatex)             Assuming data encoding 'utf8'.
\openout3 = `diploma-predloga.bcf'.

Package biblatex Info: Trying to load bibliographic data...
Package biblatex Info: ... file 'diploma-predloga.bbl' found.
 (diploma-predloga.bbl

Package biblatex Warning: The following entry could not be found
(biblatex)                in the database:
(biblatex)                fielding2000rest
(biblatex)                Please verify the spelling and rerun
(biblatex)                LaTeX afterwards.


Package biblatex Warning: The following entry could not be found
(biblatex)                in the database:
(biblatex)                flanagan2020javascript
(biblatex)                Please verify the spelling and rerun
(biblatex)                LaTeX afterwards.


Package biblatex Warning: The following entry could not be found
(biblatex)                in the database:
(biblatex)                nginx_rate_limiting
(biblatex)                Please verify the spelling and rerun
(biblatex)                LaTeX afterwards.


Package biblatex Warning: The following entry could not be found
(biblatex)                in the database:
(biblatex)                react_component_model
(biblatex)                Please verify the spelling and rerun
(biblatex)                LaTeX afterwards.


Package biblatex Warning: The following entry could not be found
(biblatex)                in the database:
(biblatex)                richardson2007restful
(biblatex)                Please verify the spelling and rerun
(biblatex)                LaTeX afterwards.

)
Package biblatex Info: Reference section=0 on input line 67.
Package biblatex Info: Reference segment=0 on input line 67.

(C:\Users\nikka\AppData\Local\Programs\MiKTeX\tex/latex/translations/dicts\tran
slations-basic-dictionary-english.trsl
File: translations-basic-dictionary-english.trsl (english translation file `tra
nslations-basic-dictionary')
)
Package translations Info: no dictionary file `translations-basic-dictionary-sl
ovenian.trsl' found. on input line 67.
Package hyperref Info: Link coloring ON on input line 67.
<<sRGB.icc>>
(podporno/naslovnestrani.tex [1


{C:/Users/nikka/AppData/Local/MiKTeX/fonts/map/pdftex/pdftex.map}]
<./podporno/cc_cc_30.pdf, id=23, 25.27844pt x 25.27844pt>
File: ./podporno/cc_cc_30.pdf Graphic file (type pdf)
<use ./podporno/cc_cc_30.pdf>
Package pdftex.def Info: ./podporno/cc_cc_30.pdf  used on input line 49.
(pdftex.def)             Requested size: 18.74585pt x 18.74585pt.
<./podporno/cc_by_30.pdf, id=24, 18.74034pt x 18.73953pt>
File: ./podporno/cc_by_30.pdf Graphic file (type pdf)
<use ./podporno/cc_by_30.pdf>
Package pdftex.def Info: ./podporno/cc_by_30.pdf  used on input line 49.
(pdftex.def)             Requested size: 18.74028pt x 18.73947pt.
<./podporno/cc_sa_30.pdf, id=25, 18.73955pt x 18.73994pt>
File: ./podporno/cc_sa_30.pdf Graphic file (type pdf)
<use ./podporno/cc_sa_30.pdf>
Package pdftex.def Info: ./podporno/cc_sa_30.pdf  used on input line 49.
(pdftex.def)             Requested size: 18.73949pt x 18.73988pt.
Package microtype Info: Loading generic protrusion settings for font family
(microtype)             `cmtt' (encoding: T1).
(microtype)             For optimal results, create family-specific settings.
(microtype)             See the microtype manual for details.
LaTeX Font Info:    Trying to load font information for U+msa on input line 57.


(C:\Users\nikka\AppData\Local\Programs\MiKTeX\tex/latex/amsfonts\umsa.fd
File: umsa.fd 2013/01/14 v3.01 AMS symbols A
)
(C:\Users\nikka\AppData\Local\Programs\MiKTeX\tex/latex/microtype\mt-msa.cfg
File: mt-msa.cfg 2006/02/04 v1.1 microtype config. file: AMS symbols (a) (RS)
)
LaTeX Font Info:    Trying to load font information for U+msb on input line 57.


(C:\Users\nikka\AppData\Local\Programs\MiKTeX\tex/latex/amsfonts\umsb.fd
File: umsb.fd 2013/01/14 v3.01 AMS symbols B
)
(C:\Users\nikka\AppData\Local\Programs\MiKTeX\tex/latex/microtype\mt-msb.cfg
File: mt-msb.cfg 2005/06/01 v1.0 microtype config. file: AMS symbols (b) (RS)
)
pdfTeX warning (ext4): destination with the same identifier (name{page.}) has b
een already used, duplicate ignored
<to be read again> 
                   \scan_stop: 
l.68 \clearemptydoublepage
                           [2 <./podporno/cc_cc_30.pdf> <./podporno/cc_by_30.pd
f

pdfTeX warning: pdflatex (file ./podporno/cc_by_30.pdf): PDF inclusion: multipl
e pdfs with page group included in a single page
> <./podporno/cc_sa_30.pdf

pdfTeX warning: pdflatex (file ./podporno/cc_sa_30.pdf): PDF inclusion: multipl
e pdfs with page group included in a single page
>]
Underfull \hbox (badness 10000) in paragraph at lines 77--83

 []


pdfTeX warning (ext4): destination with the same identifier (name{page.}) has b
een already used, duplicate ignored
<to be read again> 
                   \scan_stop: 
l.100 \clearemptydoublepage
                            [3

]
pdfTeX warning (ext4): destination with the same identifier (name{page.}) has b
een already used, duplicate ignored
<to be read again> 
                   \scan_stop: 
l.100 \clearemptydoublepage
                            [4

]
pdfTeX warning (ext4): destination with the same identifier (name{page.}) has b
een already used, duplicate ignored
<to be read again> 
                   \scan_stop: 
l.109 \clearemptydoublepage
                            [5]
pdfTeX warning (ext4): destination with the same identifier (name{page.}) has b
een already used, duplicate ignored
<to be read again> 
                   \scan_stop: 
l.109 \clearemptydoublepage
                            [6

] (diploma-predloga.toc
pdfTeX warning (ext4): destination with the same identifier (name{page.}) has b
een already used, duplicate ignored
<to be read again> 
                   \scan_stop: 
l.26 ...ri pisanju v slovenĹˇÄŤini}{21}{chapter.6}
                                                  % [7

])
\tf@toc=\write5
\openout5 = `diploma-predloga.toc'.


pdfTeX warning (ext4): destination with the same identifier (name{page.}) has b
een already used, duplicate ignored
<to be read again> 
                   \scan_stop: 
l.118 \clearemptydoublepage
                            [8]
Overfull \hbox (14.76207pt too wide) in paragraph at lines 135--137
\T1/cmr/bx/n/12 KljuŁne be-sede: \T1/cmr/m/n/12 sple-tna apli-ka-cija, av-to-mo
-bili, vre-dno-te-nje, Re-act, Express.js,
 []


Overfull \hbox (13.45837pt too wide) in paragraph at lines 135--137
\T1/cmr/m/n/12 Node.js, Po-stgre-SQL, REST API, Doc-ker, Gi-t-Hub Ac-ti-ons, Ty
pe-Script, Python,
 []


pdfTeX warning (ext4): destination with the same identifier (name{page.}) has b
een already used, duplicate ignored
<to be read again> 
                   \scan_stop: 
l.137 \clearemptydoublepage
                            [9


]
pdfTeX warning (ext4): destination with the same identifier (name{page.}) has b
een already used, duplicate ignored
<to be read again> 
                   \scan_stop: 
l.137 \clearemptydoublepage
                            [10

]
pdfTeX warning (ext4): destination with the same identifier (name{page.}) has b
een already used, duplicate ignored
<to be read again> 
                   \scan_stop: 
l.154 \newpage
               [11

]
Overfull \hbox (13.45837pt too wide) in paragraph at lines 155--158
\T1/cmr/m/n/12 Node.js, Post-greSQL, REST API, Docker, GitHub Ac-tions, Type-Sc
ript, Python,
 []


pdfTeX warning (ext4): destination with the same identifier (name{page.}) has b
een already used, duplicate ignored
<to be read again> 
                   \scan_stop: 
l.158 \clearemptydoublepage
                            [12])
Underfull \hbox (badness 10000) in paragraph at lines 94--97

 []


Underfull \hbox (badness 10000) in paragraph at lines 98--100

 []


Underfull \hbox (badness 10000) in paragraph at lines 101--103

 []


Underfull \vbox (badness 2689) has occurred while \output is active []


Underfull \vbox (badness 2689) has occurred while \output is active []

 [1



]
Underfull \hbox (badness 10000) in paragraph at lines 104--106

 []


LaTeX Warning: Reference `chap' on page 2 undefined on input line 107.


LaTeX Warning: Reference `chap' on page 2 undefined on input line 107.


LaTeX Warning: Reference `chap' on page 2 undefined on input line 108.


LaTeX Warning: Reference `chap' on page 2 undefined on input line 108.


Underfull \hbox (badness 10000) in paragraph at lines 113--117

 []

[2] [3] [4

]
Underfull \vbox (badness 10000) has occurred while \output is active []


Underfull \vbox (badness 10000) has occurred while \output is active []

 [5]
[6]

LaTeX Warning: Citation 'richardson2007restful' on page 7 undefined on input li
ne 149.


LaTeX Warning: Citation 'flanagan2020javascript' on page 7 undefined on input l
ine 151.


LaTeX Warning: Citation 'react_component_model' on page 7 undefined on input li
ne 153.


Overfull \hbox (30.75089pt too wide) in paragraph at lines 149--154
\T1/cmr/m/n/12 vsak del sis-tema pre-vzame svojo vlogo v ce-lo-tni apli-ka-ciji
 [[]].
 []


Underfull \hbox (badness 10000) in paragraph at lines 149--154

 []


LaTeX Warning: Citation 'fielding2000rest' on page 7 undefined on input line 15
6.


LaTeX Warning: Citation 'fielding2000rest' on page 7 undefined on input line 15
7.


LaTeX Warning: Citation 'nginx_rate_limiting' on page 7 undefined on input line
 158.

[7

]
<./slike/client-server.png, id=179, 2449.15pt x 991.705pt>
File: ./slike/client-server.png Graphic file (type png)
<use ./slike/client-server.png>
Package pdftex.def Info: ./slike/client-server.png  used on input line 162.
(pdftex.def)             Requested size: 312.00119pt x 126.32344pt.

Underfull \hbox (badness 10000) in paragraph at lines 170--175

 []

[8 <./slike/client-server.png>] [9] [10] [11

] [12] [13] [14

] [15] [16]
Package microtype Info: Loading generic protrusion settings for font family
(microtype)             `cmss' (encoding: T1).
(microtype)             For optimal results, create family-specific settings.
(microtype)             See the microtype manual for details.
 [17]
Overfull \hbox (1.08498pt too wide) in paragraph at lines 319--320
[]\T1/cmr/bx/n/12 Izpis vre-dno-sti z enoto: \T1/cmr/m/n/12 Ukaz [][]\T1/cmtt/m
/n/12 \qty{100}{\giga\byte} []\T1/cmr/m/n/12 vrne $\OT1/cmr/m/n/12 100$$[]$\T1/
cmr/m/n/12 . 
 []


Overfull \hbox (8.31612pt too wide) in paragraph at lines 327--328
[]\T1/cmr/m/n/12 V slo-ven-˛Łini kot de-ci-malno lo-Łilo upo-ra-bljamo ve-jico,
 kar v pa-ketu \T1/cmtt/m/n/12 siunitx
 []

[18]
LaTeX Font Info:    Font shape `T1/cmtt/bx/n' in size <12> not available
(Font)              Font shape `T1/cmtt/m/n' tried instead on input line 351.
 [19]
Overfull \hbox (98.59587pt too wide) in paragraph at lines 360--363
[]\T1/cmr/m/n/12 Pravilna raba v be-se-dilu to-rej iz-gleda ta-kole: Kot lahko 
vi-dimo na sliki[][]\T1/cmtt/m/n/12 ~\ref{sl:galaksija}[]\T1/cmr/m/n/12 ,
 []

[20] [21

] [22] [23] [24

]
Underfull \vbox (badness 2689) has occurred while \output is active []


Underfull \vbox (badness 2689) has occurred while \output is active []

 [25]
<./slike/galaksija.jpg, id=336, 1284.8pt x 857.2025pt>
File: ./slike/galaksija.jpg Graphic file (type jpg)
<use ./slike/galaksija.jpg>
Package pdftex.def Info: ./slike/galaksija.jpg  used on input line 443.
(pdftex.def)             Requested size: 272.99881pt x 182.13676pt.

[26] [27 <./slike/galaksija.jpg>]
File: ./slike/galaksija.jpg Graphic file (type jpg)
<use ./slike/galaksija.jpg>
Package pdftex.def Info: ./slike/galaksija.jpg  used on input line 475.
(pdftex.def)             Requested size: 187.19833pt x 124.8863pt.
File: ./slike/galaksija.jpg Graphic file (type jpg)
<use ./slike/galaksija.jpg>
Package pdftex.def Info: ./slike/galaksija.jpg  used on input line 482.
(pdftex.def)             Requested size: 187.19833pt x 124.8863pt.
File: ./slike/galaksija.jpg Graphic file (type jpg)
<use ./slike/galaksija.jpg>
Package pdftex.def Info: ./slike/galaksija.jpg  used on input line 496.
(pdftex.def)             Requested size: 187.19833pt x 124.8863pt.
File: ./slike/galaksija.jpg Graphic file (type jpg)
<use ./slike/galaksija.jpg>
Package pdftex.def Info: ./slike/galaksija.jpg  used on input line 502.
(pdftex.def)             Requested size: 187.19833pt x 124.8863pt.
File: ./slike/galaksija.jpg Graphic file (type jpg)
<use ./slike/galaksija.jpg>
Package pdftex.def Info: ./slike/galaksija.jpg  used on input line 510.
(pdftex.def)             Requested size: 187.19833pt x 124.8863pt.
File: ./slike/galaksija.jpg Graphic file (type jpg)
<use ./slike/galaksija.jpg>
Package pdftex.def Info: ./slike/galaksija.jpg  used on input line 516.
(pdftex.def)             Requested size: 187.19833pt x 124.8863pt.

Underfull \vbox (badness 10000) has occurred while \output is active []


Underfull \vbox (badness 10000) has occurred while \output is active []

 [28]
[29]
Overfull \hbox (1.776pt too wide) in paragraph at lines 529--530
[][]\T1/cmtt/m/n/12 0.25\textwidth[]\T1/cmr/m/n/12 ). Na ko-nec vsake vr-stice 
z uka-zom [][]\T1/cmtt/m/n/12 \includegraphics
 []

File: ./slike/galaksija.jpg Graphic file (type jpg)
<use ./slike/galaksija.jpg>
Package pdftex.def Info: ./slike/galaksija.jpg  used on input line 537.
(pdftex.def)             Requested size: 97.5pt x 65.04604pt.
File: ./slike/galaksija.jpg Graphic file (type jpg)
<use ./slike/galaksija.jpg>
Package pdftex.def Info: ./slike/galaksija.jpg  used on input line 538.
(pdftex.def)             Requested size: 97.5pt x 65.04604pt.
File: ./slike/galaksija.jpg Graphic file (type jpg)
<use ./slike/galaksija.jpg>
Package pdftex.def Info: ./slike/galaksija.jpg  used on input line 539.
(pdftex.def)             Requested size: 97.5pt x 65.04604pt.
File: ./slike/galaksija.jpg Graphic file (type jpg)
<use ./slike/galaksija.jpg>
Package pdftex.def Info: ./slike/galaksija.jpg  used on input line 540.
(pdftex.def)             Requested size: 97.5pt x 65.04604pt.
File: ./slike/galaksija.jpg Graphic file (type jpg)
<use ./slike/galaksija.jpg>
Package pdftex.def Info: ./slike/galaksija.jpg  used on input line 541.
(pdftex.def)             Requested size: 97.5pt x 65.04604pt.
File: ./slike/galaksija.jpg Graphic file (type jpg)
<use ./slike/galaksija.jpg>
Package pdftex.def Info: ./slike/galaksija.jpg  used on input line 542.
(pdftex.def)             Requested size: 97.5pt x 65.04604pt.
File: ./slike/galaksija.jpg Graphic file (type jpg)
<use ./slike/galaksija.jpg>
Package pdftex.def Info: ./slike/galaksija.jpg  used on input line 543.
(pdftex.def)             Requested size: 97.5pt x 65.04604pt.
File: ./slike/galaksija.jpg Graphic file (type jpg)
<use ./slike/galaksija.jpg>
Package pdftex.def Info: ./slike/galaksija.jpg  used on input line 544.
(pdftex.def)             Requested size: 97.5pt x 65.04604pt.
[30] [31] [32

]
Package hyperref Info: bookmark level for unknown listing defaults to 0 on inpu
t line 602.
\pydata@fh@0=\write6
\openout6 = `_55F9811064D628AD6F94DD8FFA30621C.data.minted'.

runsystem(latexminted config  --timestamp 20260621194650 55F9811064D628AD6F94DD
8FFA30621C)...executed.

 (_55F9811064D628AD6F94DD8FFA30621C.config.minted)
runsystem(latexminted cleanconfig  --timestamp 20260621194650 55F9811064D628AD6
F94DD8FFA30621C)...executed.


(_minted/friendly.style.minted)
(_minted/C0B16B97943BD24DEE51AF280720D74B.highlight.minted
LaTeX Font Info:    Font shape `T1/cmtt/bx/n' in size <10> not available
(Font)              Font shape `T1/cmtt/m/n' tried instead on input line 2.
)
(_minted/C9CE06D4698E375422AD84D274C053EE.highlight.minted)
(_minted/B73699CC9117B2BDA7669D6FAB1C30A4.highlight.minted
Package microtype Info: Loading generic protrusion settings for font family
(microtype)             `cmtt' (encoding: TS1).
(microtype)             For optimal results, create family-specific settings.
(microtype)             See the microtype manual for details.
 [33]) [34]
Package hyperref Info: bookmark level for unknown algorithm defaults to 0 on in
put line 661.
 [35]
[36

]
Underfull \vbox (badness 2865) has occurred while \output is active []


Underfull \vbox (badness 2865) has occurred while \output is active []

 [37]
[38] [39] [40

]
Underfull \vbox (badness 2689) has occurred while \output is active []


Underfull \vbox (badness 2689) has occurred while \output is active []

 [41]
[42] [43

] [44]

Package biblatex Warning: Type 'article' not found on input line 819.


LaTeX Warning: Empty bibliography on input line 819.


Package biblatex Warning: Type 'inproceedings' not found on input line 824.


LaTeX Warning: Empty bibliography on input line 824.


Package biblatex Warning: Split bibliography detected.
(biblatex)                Many simple split bibliography setups with
(biblatex)                non-overlapping bibliographies benefit from
(biblatex)                setting 'defernumbers=true'.
(biblatex)                See the documentation for details.
(biblatex)                This warning can be suppressed with
(biblatex)                '\BiblatexSplitbibDefernumbersWarningOff'.

[45

] (diploma-predloga.aux)
 ***********
LaTeX2e <2026-06-01>
L3 programming layer <2026-05-26>
 ***********


LaTeX Warning: There were undefined references.


LaTeX Warning: There were multiply-defined labels.

Package logreq Info: Writing requests to 'diploma-predloga.run.xml'.
\openout1 = `diploma-predloga.run.xml'.

 ) 
Here is how much of TeX's memory you used:
 40252 strings out of 467509
 918903 string characters out of 5408780
 1950130 words of memory out of 5000000
 68769 multiletter control sequences out of 15000+600000
 680955 words of font info for 124 fonts, out of 8000000 for 9000
 1141 hyphenation exceptions out of 8191
 80i,15n,84p,1346b,2990s stack positions out of 10000i,1000n,20000p,200000b,200000s
 <C:\Users\nikka\AppData\Local\MiKTeX\fonts/pk/ljfour/jknappen/ec/dpi600\ecrm
1000.pk> <C:\Users\nikka\AppData\Local\MiKTeX\fonts/pk/ljfour/jknappen/ec/dpi60
0\tctt1000.pk> <C:\Users\nikka\AppData\Local\MiKTeX\fonts/pk/ljfour/jknappen/ec
/dpi600\ecit1000.pk> <C:\Users\nikka\AppData\Local\MiKTeX\fonts/pk/ljfour/jknap
pen/ec/dpi600\ecrm0600.pk> <C:\Users\nikka\AppData\Local\MiKTeX\fonts/pk/ljfour
/jknappen/ec/dpi600\ecbx1440.pk> <C:\Users\nikka\AppData\Local\MiKTeX\fonts/pk/
ljfour/jknappen/ec/dpi600\ectt1000.pk> <C:\Users\nikka\AppData\Local\MiKTeX\fon
ts/pk/ljfour/jknappen/ec/dpi600\ecrm0700.pk> <C:\Users\nikka\AppData\Local\MiKT
eX\fonts/pk/ljfour/jknappen/ec/dpi600\ecsx1200.pk> <C:\Users\nikka\AppData\Loca
l\MiKTeX\fonts/pk/ljfour/jknappen/ec/dpi600\ecss1200.pk> <C:\Users\nikka\AppDat
a\Local\MiKTeX\fonts/pk/ljfour/jknappen/ec/dpi600\ectt1200.pk> <C:\Users\nikka\
AppData\Local\MiKTeX\fonts/pk/ljfour/jknappen/ec/dpi600\tcrm1200.pk> <C:\Users\
nikka\AppData\Local\MiKTeX\fonts/pk/ljfour/jknappen/ec/dpi600\ecbx1728.pk> <C:\
Users\nikka\AppData\Local\MiKTeX\fonts/pk/ljfour/jknappen/ec/dpi600\ecsl1200.pk
> <C:\Users\nikka\AppData\Local\MiKTeX\fonts/pk/ljfour/jknappen/ec/dpi600\ecrm0
800.pk> <C:\Users\nikka\AppData\Local\MiKTeX\fonts/pk/ljfour/jknappen/ec/dpi600
\ecbx0800.pk> <C:\Users\nikka\AppData\Local\MiKTeX\fonts/pk/ljfour/jknappen/ec/
dpi600\ecbx2488.pk> <C:\Users\nikka\AppData\Local\MiKTeX\fonts/pk/ljfour/jknapp
en/ec/dpi600\ecrm1200.pk> <C:\Users\nikka\AppData\Local\MiKTeX\fonts/pk/ljfour/
jknappen/ec/dpi600\ecbx1200.pk> <C:\Users\nikka\AppData\Local\MiKTeX\fonts/pk/l
jfour/jknappen/ec/dpi600\ecti0800.pk> <C:\Users\nikka\AppData\Local\MiKTeX\font
s/pk/ljfour/jknappen/ec/dpi600\ecti1200.pk> <C:\Users\nikka\AppData\Local\MiKTe
X\fonts/pk/ljfour/jknappen/ec/dpi600\ectt1095.pk> <C:\Users\nikka\AppData\Local
\MiKTeX\fonts/pk/ljfour/jknappen/ec/dpi600\ecti1095.pk> <C:\Users\nikka\AppData
\Local\MiKTeX\fonts/pk/ljfour/jknappen/ec/dpi600\ecrm1095.pk> <C:\Users\nikka\A
ppData\Local\MiKTeX\fonts/pk/ljfour/jknappen/ec/dpi600\ecrm1440.pk> <C:\Users\n
ikka\AppData\Local\MiKTeX\fonts/pk/ljfour/jknappen/ec/dpi600\eccc1200.pk> <C:\U
sers\nikka\AppData\Local\MiKTeX\fonts/pk/ljfour/jknappen/ec/dpi600\ecbx2074.pk>
 <C:\Users\nikka\AppData\Local\MiKTeX\fonts/pk/ljfour/jknappen/ec/dpi600\ecrm17
28.pk> <C:\Users\nikka\AppData\Local\MiKTeX\fonts/pk/ljfour/jknappen/ec/dpi600\
eccc1440.pk><C:/Users/nikka/AppData/Local/Programs/MiKTeX/fonts/type1/public/am
sfonts/cm/cmex10.pfb><C:/Users/nikka/AppData/Local/Programs/MiKTeX/fonts/type1/
public/amsfonts/cm/cmmi12.pfb><C:/Users/nikka/AppData/Local/Programs/MiKTeX/fon
ts/type1/public/amsfonts/cm/cmmi6.pfb><C:/Users/nikka/AppData/Local/Programs/Mi
KTeX/fonts/type1/public/amsfonts/cm/cmmi8.pfb><C:/Users/nikka/AppData/Local/Pro
grams/MiKTeX/fonts/type1/public/amsfonts/cm/cmr12.pfb><C:/Users/nikka/AppData/L
ocal/Programs/MiKTeX/fonts/type1/public/amsfonts/cm/cmr8.pfb><C:/Users/nikka/Ap
pData/Local/Programs/MiKTeX/fonts/type1/public/amsfonts/cm/cmsy10.pfb><C:/Users
/nikka/AppData/Local/Programs/MiKTeX/fonts/type1/public/amsfonts/cm/cmsy6.pfb><
C:/Users/nikka/AppData/Local/Programs/MiKTeX/fonts/type1/public/amsfonts/cm/cms
y8.pfb><C:/Users/nikka/AppData/Local/Programs/MiKTeX/fonts/type1/public/amsfont
s/symbols/msam10.pfb>
Output written on diploma-predloga.pdf (57 pages, 1177719 bytes).
PDF statistics:
 1547 PDF objects out of 1728 (max. 8388607)
 198 named destinations out of 1000 (max. 500000)
 20794 words of extra memory for PDF output out of 24883 (max. 10000000)

